START: Vasjamba / Шахтер / 1 / 2016-10-15T15:49:50+03:00
START: Vasjamba / Stornado_32 / 1 / 2016-10-15T15:51:12+03:00
START: Vasjamba / Вася Теркин / 1 / 2016-10-15T15:51:13+03:00
START: Vasjamba / Cat_of_the_Rio / 1 / 2016-10-15T15:51:12+03:00
START: Vasjamba / Василий Новиков / 1 / 2016-10-15T15:51:12+03:00
START: Vasjamba / Vasjambaa / 1 / 2016-10-15T15:51:13+03:00
START: Vasjamba / Stornado320 / 1 / 2016-10-15T15:51:13+03:00
START: Vasjamba / Stornado323 / 1 / 2016-10-15T15:51:13+03:00
START: Vasjamba / Stornado322 / 1 / 2016-10-15T15:51:13+03:00
START: Vasjamba / Смотрящий / 1 / 2016-10-15T15:51:13+03:00
START: Vasjamba / Вася Теркин / 1 / 2016-10-15T16:04:11+03:00
START: Vasjamba / Stornado_32 / 1 / 2016-10-15T16:04:11+03:00
START: Vasjamba / Vasjambaa / 1 / 2016-10-15T16:04:11+03:00
START: Vasjamba / Stornado323 / 1 / 2016-10-15T16:04:11+03:00
START: Vasjamba / Василий Новиков / 1 / 2016-10-15T16:04:11+03:00
START: Vasjamba / Stornado322 / 1 / 2016-10-15T16:04:11+03:00
START: Vasjamba / Stornado320 / 1 / 2016-10-15T16:04:11+03:00
START: Vasjamba / Смотрящий / 1 / 2016-10-15T16:04:11+03:00
START: Vasjamba / Вася Теркин / 1 / 2016-10-15T16:05:08+03:00
START: Vasjamba / Вася Теркин / 1 / 2016-10-15T16:06:58+03:00
START: Vasjamba / Stornado_32 / 1 / 2016-10-15T16:09:05+03:00
START: Vasjamba / Stornado323 / 1 / 2016-10-15T16:09:59+03:00
START: Vasjamba / Stornado320 / 1 / 2016-10-15T16:09:59+03:00
START: Vasjamba / Stornado322 / 1 / 2016-10-15T16:09:59+03:00
START: Vasjamba / Stornado320 / 1 / 2016-10-15T16:10:51+03:00
START: Vasjamba / Stornado322 / 1 / 2016-10-15T16:10:51+03:00
START: Vasjamba / Stornado320 / 1 / 2016-10-15T16:12:16+03:00
START: Vasjamba / Василий Новиков / 1 / 2016-10-15T16:13:56+03:00
START: Vasjamba / Смотрящий / 1 / 2016-10-15T16:15:05+03:00
START: Vasjamba / Vasjambaa / 1 / 2016-10-15T16:15:32+03:00
STOP: Vasjamba / Шахтер / 1 / 2016-10-15T16:16:26+03:00
STOP: Vasjamba / Cat_of_the_Rio / 1 / 2016-10-15T16:20:58+03:00
STOP: Vasjamba / Stornado320 / 1 / 2016-10-15T16:36:09+03:00
STOP: Vasjamba / Stornado_32 / 1 / 2016-10-15T16:38:01+03:00
STOP: Vasjamba / Вася Теркин / 1 / 2016-10-15T16:44:27+03:00
STOP: Vasjamba / Смотрящий / 1 / 2016-10-15T16:45:54+03:00
STOP: Vasjamba / Vasjambaa / 1 / 2016-10-15T16:49:10+03:00
STOP: Vasjamba / Stornado322 / 1 / 2016-10-15T16:53:24+03:00
START: 387119 / Elmar /  / 2016-10-16T00:01:20+03:00
START: 387119 / ElMar / 1 / 2016-10-16T00:05:06+03:00
START:  / Вася Теркин / 1 / 2016-10-19T14:02:53+03:00
START: Вася Теркин / 1 / 2016-10-19T15:44:56+03:00
START: Вася Теркин / 1 / 2016-10-19T15:45:21+03:00
START: Вася Теркин / 1 / 2016-10-19T15:46:20+03:00
START: Вася Теркин / 1 / 2016-10-19T15:46:43+03:00
START: Вася Теркин / 1 / 2016-10-19T15:47:51+03:00
START: Вася Теркин / 1 / 2016-10-19T15:48:13+03:00
START: Вася Теркин / 1 / 2016-10-19T15:49:09+03:00
START: Вася Теркин / 1 / 2016-10-19T15:49:55+03:00
START: Вася Теркин / 1 / 2016-10-19T15:50:38+03:00
START: Вася Теркин / 1 / 2016-10-19T15:51:23+03:00
START: Вася Теркин / 1 / 2016-10-19T15:52:14+03:00
START: Вася Теркин / 1 / 2016-10-19T15:53:27+03:00
START: Stornado_32 / 1 / 2016-10-19T15:53:37+03:00
START: Василий Новиков / 1 / 2016-10-19T15:53:47+03:00
START: Cat_of_the_Rio / 1 / 2016-10-19T15:53:57+03:00
START: Vasjambaa / 1 / 2016-10-19T15:54:07+03:00
START: Stornado320 / 1 / 2016-10-19T15:54:17+03:00
START: Stornado322 / 1 / 2016-10-19T15:54:27+03:00
START: Stornado323 / 1 / 2016-10-19T15:54:37+03:00
START: Смотрящий / 1 / 2016-10-19T15:54:47+03:00
STOP: Василий Новиков / 1 / 2016-10-19T16:12:32+03:00
STOP: Stornado_32 / 1 / 2016-10-19T16:22:39+03:00
STOP: Stornado320 / 1 / 2016-10-19T16:23:41+03:00
STOP: Stornado323 / 1 / 2016-10-19T16:24:51+03:00
STOP: Смотрящий / 1 / 2016-10-19T16:25:30+03:00
STOP: Vasjambaa / 1 / 2016-10-19T16:27:43+03:00
STOP: Вася Теркин / 1 / 2016-10-19T16:34:51+03:00
STOP: Stornado322 / 1 / 2016-10-19T16:37:05+03:00
STOP: Cat_of_the_Rio / 1 / 2016-10-19T16:38:40+03:00
START: Partizankа8 / 1 / 2016-10-19T18:02:15+03:00
START: Partizankа8 / 1 / 2016-10-19T18:04:41+03:00
START: Arkady / 1 / 2016-10-19T18:22:29+03:00
START: Хз до / 1 / 2016-10-19T18:22:52+03:00
STOP: Partizankа8 / 1 / 2016-10-19T18:31:41+03:00
STOP: Arkady / 1 / 2016-10-19T18:42:01+03:00
STOP: Хз до / 1 / 2016-10-19T18:43:12+03:00
START: G20529864S15 / 1 / 2016-10-19T22:33:14+03:00
START: Шахтер / 1 / 2016-10-19T22:35:03+03:00
START: G20529864S15 / 1 / 2016-10-19T22:38:22+03:00
START: MAMED / 1 / 2016-10-19T22:38:39+03:00
START: MAMED / 1 / 2016-10-19T22:40:12+03:00
START: G20529864S15 / 1 / 2016-10-19T22:40:18+03:00
STOP: G20529864S15 / 1 / 2016-10-19T23:02:42+03:00
STOP: Шахтер / 1 / 2016-10-19T23:03:46+03:00
START: ElMar / 1 / 2016-10-20T00:16:54+03:00
START: ElMar / 1 / 2016-10-20T00:17:03+03:00
START: ElMar / 1 / 2016-10-20T01:13:10+03:00
START: ElMar / 1 / 2016-10-20T01:13:17+03:00
START: ElMar / 1 / 2016-10-20T10:19:13+03:00
START: ElMar / 1 / 2016-10-20T10:21:15+03:00
BREAK: ElMar / 1 / user is online /2016-10-20T10:21:15+03:00
START: Вася Теркин / 1 / 2016-10-22T19:55:21+03:00
STOP: Вася Теркин / 1 / 2016-10-22T20:35:39+03:00
START: Шахтер / 1 / 2016-10-22T20:43:06+03:00
START: Stornado_32 / 1 / 2016-10-22T20:43:16+03:00
START: Василий Новиков / 1 / 2016-10-22T20:43:26+03:00
START: Cat_of_the_Rio / 1 / 2016-10-22T20:43:36+03:00
START: Vasjambaa / 1 / 2016-10-22T20:43:46+03:00
START: Stornado320 / 1 / 2016-10-22T20:43:56+03:00
START: Stornado322 / 1 / 2016-10-22T20:44:06+03:00
START: Stornado323 / 1 / 2016-10-22T20:44:16+03:00
START: Смотрящий / 1 / 2016-10-22T20:44:26+03:00
STOP: Шахтер / 1 / 2016-10-22T21:09:47+03:00
STOP: Stornado_32 / 1 / 2016-10-22T21:10:08+03:00
STOP: Василий Новиков / 1 / 2016-10-22T21:10:53+03:00
STOP: Stornado320 / 1 / 2016-10-22T21:11:20+03:00
STOP: Смотрящий / 1 / 2016-10-22T21:13:00+03:00
STOP: Cat_of_the_Rio / 1 / 2016-10-22T21:13:29+03:00
STOP: Vasjambaa / 1 / 2016-10-22T21:14:55+03:00
STOP: Stornado322 / 1 / 2016-10-22T21:24:43+03:00
START: brodyaga_2000 / 1 / 2016-10-24T10:45:06+03:00
START: Вaряг / 1 / 2016-10-24T10:45:16+03:00
START: симбад / 1 / 2016-10-24T10:45:26+03:00
START: brodyaga_2000 / 1 / 2016-10-24T10:46:54+03:00
START: Вaряг / 1 / 2016-10-24T10:47:04+03:00
START: симбад / 1 / 2016-10-24T10:47:14+03:00
STOP: Вaряг / 1 / 2016-10-24T11:08:52+03:00
STOP: brodyaga_2000 / 1 / 2016-10-24T11:15:55+03:00
STOP: симбад / 1 / 2016-10-24T11:21:04+03:00
START: Partizankа8 / 1 / 2016-10-28T09:47:33+03:00
STOP: Partizankа8 / 1 / 2016-10-28T10:12:26+03:00
